\BOOKMARK [1][-]{section.1}{\376\377\000G\000e\000n\000e\000r\000a\000l\000\040\000T\000i\000p\000s}{}% 1
\BOOKMARK [2][-]{subsection.1.1}{\376\377\000O\000p\000t\000i\000m\000i\000z\000e\000d\000\040\000I\000/\000O}{section.1}% 2
\BOOKMARK [1][-]{section.2}{\376\377\000G\000e\000o\000m\000e\000t\000r\000y}{}% 3
\BOOKMARK [2][-]{subsection.2.1}{\376\377\000B\000a\000s\000i\000c\000\040\0002\000D\000\040\000G\000e\000o\000m\000e\000t\000r\000y}{section.2}% 4
\BOOKMARK [2][-]{subsection.2.2}{\376\377\000C\000o\000n\000v\000e\000x\000\040\000H\000u\000l\000l\000\040\000\050\000F\000l\000o\000a\000t\000i\000n\000g\000\040\000P\000o\000i\000n\000t\000\051}{section.2}% 5
\BOOKMARK [2][-]{subsection.2.3}{\376\377\000C\000o\000n\000v\000e\000x\000\040\000H\000u\000l\000l\000\040\000\050\000I\000n\000t\000e\000g\000e\000r\000\051}{section.2}% 6
\BOOKMARK [1][-]{section.3}{\376\377\000G\000r\000a\000p\000h\000s}{}% 7
\BOOKMARK [2][-]{subsection.3.1}{\376\377\000A\000r\000t\000i\000c\000u\000l\000a\000t\000i\000o\000n\000\040\000P\000o\000i\000n\000t\000s\000\040\000a\000n\000d\000\040\000B\000r\000i\000d\000g\000e\000s}{section.3}% 8
\BOOKMARK [2][-]{subsection.3.2}{\376\377\000B\000e\000l\000l\000m\000a\000n\000-\000F\000o\000r\000d}{section.3}% 9
\BOOKMARK [2][-]{subsection.3.3}{\376\377\000C\000y\000c\000l\000e\000\040\000D\000e\000t\000e\000c\000t\000i\000o\000n\000\040\000i\000n\000\040\000D\000i\000r\000e\000c\000t\000e\000d\000\040\000G\000r\000a\000p\000h}{section.3}% 10
\BOOKMARK [2][-]{subsection.3.4}{\376\377\000D\000i\000j\000k\000s\000t\000r\000a\000'\000s}{section.3}% 11
\BOOKMARK [2][-]{subsection.3.5}{\376\377\000E\000u\000l\000e\000r\000i\000a\000n\000\040\000C\000y\000c\000l\000e}{section.3}% 12
\BOOKMARK [2][-]{subsection.3.6}{\376\377\000F\000l\000o\000y\000d\000-\000W\000a\000r\000s\000h\000a\000l\000l}{section.3}% 13
\BOOKMARK [2][-]{subsection.3.7}{\376\377\000B\000i\000p\000a\000r\000t\000i\000t\000e\000\040\000G\000r\000a\000p\000h\000s}{section.3}% 14
\BOOKMARK [3][-]{subsubsection.3.7.1}{\376\377\000M\000a\000x\000i\000m\000u\000m\000\040\000B\000i\000p\000a\000r\000t\000i\000t\000e\000\040\000M\000a\000t\000c\000h\000i\000n\000g}{subsection.3.7}% 15
\BOOKMARK [3][-]{subsubsection.3.7.2}{\376\377\000S\000t\000a\000b\000l\000e\000\040\000M\000a\000r\000r\000i\000a\000g\000e\000/\000M\000a\000t\000c\000h\000i\000n\000g}{subsection.3.7}% 16
\BOOKMARK [3][-]{subsubsection.3.7.3}{\376\377\000N\000o\000t\000e\000s}{subsection.3.7}% 17
\BOOKMARK [2][-]{subsection.3.8}{\376\377\000M\000a\000x\000\040\000F\000l\000o\000w\000\040\000\050\000w\000i\000t\000h\000\040\000M\000i\000n\000\040\000C\000u\000t\000\051}{section.3}% 18
\BOOKMARK [2][-]{subsection.3.9}{\376\377\000M\000i\000n\000\040\000C\000o\000s\000t\000\040\000M\000a\000x\000\040\000F\000l\000o\000w}{section.3}% 19
\BOOKMARK [2][-]{subsection.3.10}{\376\377\000S\000t\000r\000o\000n\000g\000l\000y\000\040\000C\000o\000n\000n\000e\000c\000t\000e\000d\000\040\000C\000o\000m\000p\000o\000n\000e\000n\000t\000s}{section.3}% 20
\BOOKMARK [3][-]{subsubsection.3.10.1}{\376\377\0002\000-\000S\000A\000T}{subsection.3.10}% 21
\BOOKMARK [2][-]{subsection.3.11}{\376\377\000T\000r\000e\000e\000\040\000A\000l\000g\000o\000r\000i\000t\000h\000m\000s}{section.3}% 22
\BOOKMARK [3][-]{subsubsection.3.11.1}{\376\377\000L\000o\000w\000e\000s\000t\000\040\000C\000o\000m\000m\000o\000n\000\040\000A\000n\000c\000e\000s\000t\000o\000r}{subsection.3.11}% 23
\BOOKMARK [3][-]{subsubsection.3.11.2}{\376\377\000E\000c\000c\000e\000n\000t\000r\000i\000c\000i\000t\000y}{subsection.3.11}% 24
\BOOKMARK [3][-]{subsubsection.3.11.3}{\376\377\000N\000u\000m\000b\000e\000r\000\040\000o\000f\000\040\000t\000i\000m\000e\000s\000\040\000a\000n\000\040\000e\000d\000g\000e\000\040\000i\000s\000\040\000u\000s\000e\000d\000\040\000i\000n\000\040\000a\000l\000l\000\040\000p\000a\000t\000h\000s\000\040\000b\000e\000t\000w\000e\000e\000n\000\040\000t\000w\000o\000\040\000v\000e\000r\000t\000i\000c\000e\000s}{subsection.3.11}% 25
\BOOKMARK [3][-]{subsubsection.3.11.4}{\376\377\000H\000e\000a\000v\000y\000-\000L\000i\000g\000h\000t\000\040\000D\000e\000c\000o\000m\000p\000o\000s\000i\000t\000i\000o\000n}{subsection.3.11}% 26
\BOOKMARK [3][-]{subsubsection.3.11.5}{\376\377\000N\000o\000t\000e\000s}{subsection.3.11}% 27
\BOOKMARK [1][-]{section.4}{\376\377\000S\000e\000q\000u\000e\000n\000c\000e\000s\000\040\000a\000n\000d\000\040\000S\000t\000r\000i\000n\000g\000s}{}% 28
\BOOKMARK [2][-]{subsection.4.1}{\376\377\000A\000V\000L\000\040\000T\000r\000e\000e}{section.4}% 29
\BOOKMARK [2][-]{subsection.4.2}{\376\377\000A\000h\000o\000-\000C\000o\000r\000a\000s\000i\000c\000k\000\040\000a\000n\000d\000\040\000T\000r\000i\000e}{section.4}% 30
\BOOKMARK [2][-]{subsection.4.3}{\376\377\000K\000M\000P\000\040\000a\000n\000d\000\040\000Z\000-\000f\000u\000n\000c\000t\000i\000o\000n}{section.4}% 31
\BOOKMARK [2][-]{subsection.4.4}{\376\377\000L\000o\000n\000g\000e\000s\000t\000\040\000C\000o\000m\000m\000o\000n\000\040\000S\000u\000b\000s\000e\000q\000u\000e\000n\000c\000e}{section.4}% 32
\BOOKMARK [2][-]{subsection.4.5}{\376\377\000L\000o\000n\000g\000e\000s\000t\000\040\000I\000n\000c\000r\000e\000a\000s\000i\000n\000g\000\040\000S\000u\000b\000s\000e\000q\000u\000e\000n\000c\000e}{section.4}% 33
\BOOKMARK [2][-]{subsection.4.6}{\376\377\000F\000e\000n\000w\000i\000c\000k\000\040\000T\000r\000e\000e\000\040\000/\000\040\000B\000i\000n\000a\000r\000y\000\040\000I\000n\000d\000e\000x\000e\000d\000\040\000T\000r\000e\000e}{section.4}% 34
\BOOKMARK [2][-]{subsection.4.7}{\376\377\000S\000p\000a\000r\000s\000e\000\040\000T\000a\000b\000l\000e}{section.4}% 35
\BOOKMARK [2][-]{subsection.4.8}{\376\377\000S\000e\000g\000m\000e\000n\000t\000\040\000T\000r\000e\000e}{section.4}% 36
\BOOKMARK [3][-]{subsubsection.4.8.1}{\376\377\000E\000x\000a\000m\000p\000l\000e\000\040\0001\000\040\000\050\000n\000o\000\040\000r\000a\000n\000g\000e\000\040\000u\000p\000d\000a\000t\000e\000s\000\051}{subsection.4.8}% 37
\BOOKMARK [3][-]{subsubsection.4.8.2}{\376\377\000E\000x\000a\000m\000p\000l\000e\000\040\0002\000\040\000\050\000w\000i\000t\000h\000\040\000r\000a\000n\000g\000e\000\040\000u\000p\000d\000a\000t\000e\000s\000\051}{subsection.4.8}% 38
\BOOKMARK [2][-]{subsection.4.9}{\376\377\000S\000u\000f\000f\000i\000x\000\040\000A\000r\000r\000a\000y}{section.4}% 39
\BOOKMARK [3][-]{subsubsection.4.9.1}{\376\377\000N\000o\000t\000e\000s}{subsection.4.9}% 40
\BOOKMARK [3][-]{subsubsection.4.9.2}{\376\377\000I\000n\000i\000t\000i\000a\000l\000i\000z\000a\000t\000i\000o\000n}{subsection.4.9}% 41
\BOOKMARK [3][-]{subsubsection.4.9.3}{\376\377\000I\000n\000i\000t\000i\000a\000l\000i\000z\000a\000t\000i\000o\000n\000\040\000\050\000s\000l\000o\000w\000\051}{subsection.4.9}% 42
\BOOKMARK [3][-]{subsubsection.4.9.4}{\376\377\000E\000x\000a\000m\000p\000l\000e\000\040\000s\000u\000f\000f\000i\000x\000\040\000a\000r\000r\000a\000y}{subsection.4.9}% 43
\BOOKMARK [3][-]{subsubsection.4.9.5}{\376\377\000L\000o\000n\000g\000e\000s\000t\000\040\000C\000o\000m\000m\000o\000n\000\040\000P\000r\000e\000f\000i\000x\000\040\000a\000r\000r\000a\000y}{subsection.4.9}% 44
\BOOKMARK [3][-]{subsubsection.4.9.6}{\376\377\000S\000t\000r\000i\000n\000g\000\040\000m\000a\000t\000c\000h\000i\000n\000g}{subsection.4.9}% 45
\BOOKMARK [3][-]{subsubsection.4.9.7}{\376\377\000O\000p\000t\000i\000o\000n\000a\000l\000\040\000c\000o\000u\000n\000t\000i\000n\000g\000\040\000s\000o\000r\000t}{subsection.4.9}% 46
\BOOKMARK [3][-]{subsubsection.4.9.8}{\376\377\000E\000x\000a\000m\000p\000l\000e\000\040\000u\000s\000a\000g\000e}{subsection.4.9}% 47
\BOOKMARK [1][-]{section.5}{\376\377\000M\000a\000t\000h\000\040\000a\000n\000d\000\040\000O\000t\000h\000e\000r\000\040\000A\000l\000g\000o\000r\000i\000t\000h\000m\000s}{}% 48
\BOOKMARK [2][-]{subsection.5.1}{\376\377\000C\000y\000c\000l\000e\000-\000F\000i\000n\000d\000i\000n\000g\000\040\000\050\000F\000l\000o\000y\000d\000'\000s\000\051}{section.5}% 49
\BOOKMARK [2][-]{subsection.5.2}{\376\377\000E\000x\000p\000o\000n\000e\000n\000t\000i\000a\000t\000i\000o\000n\000\040\000b\000y\000\040\000S\000q\000u\000a\000r\000i\000n\000g}{section.5}% 50
\BOOKMARK [2][-]{subsection.5.3}{\376\377\000E\000x\000t\000e\000n\000d\000e\000d\000\040\000E\000u\000c\000l\000i\000d\000e\000a\000n\000\040\000a\000n\000d\000\040\000M\000o\000d\000u\000l\000a\000r\000\040\000I\000n\000v\000e\000r\000s\000e}{section.5}% 51
\BOOKMARK [2][-]{subsection.5.4}{\376\377\000F\000a\000s\000t\000\040\000F\000o\000u\000r\000i\000e\000r\000\040\000T\000r\000a\000n\000s\000f\000o\000r\000m}{section.5}% 52
\BOOKMARK [3][-]{subsubsection.5.4.1}{\376\377\000F\000a\000s\000t\000\040\000P\000o\000l\000y\000n\000o\000m\000i\000a\000l\000\040\000M\000u\000l\000t\000i\000p\000l\000i\000c\000a\000t\000i\000o\000n\000\040\000\050\000I\000n\000t\000e\000g\000e\000r\000\051}{subsection.5.4}% 53
\BOOKMARK [2][-]{subsection.5.5}{\376\377\000G\000a\000u\000s\000s\000-\000J\000o\000r\000d\000a\000n\000\040\000E\000l\000i\000m\000i\000n\000a\000t\000i\000o\000n}{section.5}% 54
\BOOKMARK [2][-]{subsection.5.6}{\376\377\000U\000n\000i\000o\000n\000-\000F\000i\000n\000d\000\040\000D\000i\000s\000j\000o\000i\000n\000t\000\040\000S\000e\000t\000s}{section.5}% 55
\BOOKMARK [2][-]{subsection.5.7}{\376\377\000S\000i\000e\000v\000e\000,\000\040\000P\000r\000i\000m\000e\000\040\000F\000a\000c\000t\000o\000r\000i\000z\000a\000t\000i\000o\000n\000,\000\040\000T\000o\000t\000i\000e\000n\000t}{section.5}% 56
\BOOKMARK [2][-]{subsection.5.8}{\376\377\000S\000i\000m\000p\000l\000e\000x}{section.5}% 57
\BOOKMARK [1][-]{section.6}{\376\377\000T\000r\000i\000c\000k\000s\000\040\000f\000o\000r\000\040\000B\000i\000t\000\040\000M\000a\000n\000i\000p\000u\000l\000a\000t\000i\000o\000n}{}% 58
\BOOKMARK [2][-]{subsection.6.1}{\376\377\000B\000i\000t\000\040\000T\000r\000i\000c\000k\000s}{section.6}% 59
\BOOKMARK [2][-]{subsection.6.2}{\376\377\000L\000e\000x\000i\000c\000o\000g\000r\000a\000p\000h\000i\000c\000a\000l\000l\000y\000\040\000N\000e\000x\000t\000\040\000B\000i\000t\000\040\000P\000e\000r\000m\000u\000t\000a\000t\000i\000o\000n}{section.6}% 60
\BOOKMARK [2][-]{subsection.6.3}{\376\377\000L\000o\000o\000p\000\040\000T\000h\000r\000o\000u\000g\000h\000\040\000A\000l\000l\000\040\000S\000u\000b\000s\000e\000t\000s}{section.6}% 61
\BOOKMARK [1][-]{section.7}{\376\377\000M\000a\000t\000h\000\040\000F\000o\000r\000m\000u\000l\000a\000s\000\040\000a\000n\000d\000\040\000T\000h\000e\000o\000r\000e\000m\000s}{}% 62
\BOOKMARK [2][-]{subsection.7.1}{\376\377\000D\000y\000n\000a\000m\000i\000c\000\040\000p\000r\000o\000g\000r\000a\000m\000m\000i\000n\000g}{section.7}% 63
\BOOKMARK [3][-]{subsubsection.7.1.1}{\376\377\000C\000o\000n\000v\000e\000x\000\040\000h\000u\000l\000l\000\040\000o\000p\000t\000i\000m\000i\000z\000a\000t\000i\000o\000n}{subsection.7.1}% 64
\BOOKMARK [3][-]{subsubsection.7.1.2}{\376\377\000K\000n\000u\000t\000h\000-\000Y\000a\000o\000\040\000o\000p\000t\000i\000m\000i\000z\000a\000t\000i\000o\000n}{subsection.7.1}% 65
\BOOKMARK [2][-]{subsection.7.2}{\376\377\000G\000a\000m\000e\000\040\000t\000h\000e\000o\000r\000y}{section.7}% 66
\BOOKMARK [2][-]{subsection.7.3}{\376\377\000P\000r\000i\000m\000e\000\040\000n\000u\000m\000b\000e\000r\000s}{section.7}% 67
